<?xml version="1.0" encoding="UTF-8"?>
<!-- Generated by org.testng.reporters.JUnitXMLReporter -->
<testsuite ignored="2" hostname="DESKTOP-O9V80PL" failures="0" tests="2" name="Test" time="0.052" errors="0" timestamp="2021-07-28T16:02:26 IST">
  <testcase classname="TestNggrouping.TestNgGrouping" name="test1" time="0.009"/>
  <testcase classname="TestNggrouping.TestNgGrouping" name="test2" time="0.001"/>
  <testcase classname="TestNggrouping.TestNgGrouping" name="test4" time="0.0">
    <ignored/>
  </testcase> <!-- test4 -->
  <testcase classname="TestNggrouping.TestNgGrouping" name="test3" time="0.0">
    <ignored/>
  </testcase> <!-- test3 -->
</testsuite> <!-- Test -->
